project2/Temp/gradleOut/unityLibrary/GooglePlayGamesManifest.plugin/build/intermediates/manifest_merge_blame_file/release/manifest-merger-blame-release-report.txt
1<?xml version="1.0" encoding="utf-8"?>
2<!--
3 This file was automatically generated by the Google Play Games plugin for Unity
4     Do not edit.
5-->
6<manifest xmlns:android="http://schemas.android.com/apk/res/android"
7    package="com.google.example.games.mainlibproj"
8    android:versionCode="1"
9    android:versionName="1.0" >
10
11    <uses-sdk
12        android:minSdkVersion="1"
12-->unityLibrary\GooglePlayGamesManifest.plugin\AndroidManifest.xml
13        android:targetSdkVersion="16" />
13-->unityLibrary\GooglePlayGamesManifest.plugin\AndroidManifest.xml
14
15    <!-- Required for Nearby Connections -->
16    <uses-permission android:name="android.permission.BLUETOOTH" />
16-->unityLibrary\GooglePlayGamesManifest.plugin\AndroidManifest.xml:10:9-72
16-->unityLibrary\GooglePlayGamesManifest.plugin\AndroidManifest.xml:10:26-69
17    <uses-permission android:name="android.permission.BLUETOOTH_ADMIN" />
17-->unityLibrary\GooglePlayGamesManifest.plugin\AndroidManifest.xml:11:9-78
17-->unityLibrary\GooglePlayGamesManifest.plugin\AndroidManifest.xml:11:26-75
18    <uses-permission android:name="android.permission.ACCESS_WIFI_STATE" />
18-->unityLibrary\GooglePlayGamesManifest.plugin\AndroidManifest.xml:12:9-80
18-->unityLibrary\GooglePlayGamesManifest.plugin\AndroidManifest.xml:12:26-77
19    <uses-permission android:name="android.permission.CHANGE_WIFI_STATE" />
19-->unityLibrary\GooglePlayGamesManifest.plugin\AndroidManifest.xml:13:9-80
19-->unityLibrary\GooglePlayGamesManifest.plugin\AndroidManifest.xml:13:26-77
20    <uses-permission android:name="android.permission.ACCESS_COARSE_LOCATION" />
20-->unityLibrary\GooglePlayGamesManifest.plugin\AndroidManifest.xml:14:9-85
20-->unityLibrary\GooglePlayGamesManifest.plugin\AndroidManifest.xml:14:26-82
21
22    <application>
22-->unityLibrary\GooglePlayGamesManifest.plugin\AndroidManifest.xml:17:5-34:19
23
24        <!-- Required for Nearby Connections API -->
25        <meta-data
25-->unityLibrary\GooglePlayGamesManifest.plugin\AndroidManifest.xml:20:14-21:58
26            android:name="com.google.android.gms.nearby.connection.SERVICE_ID"
26-->unityLibrary\GooglePlayGamesManifest.plugin\AndroidManifest.xml:20:25-91
27            android:value="com.Boxjump.Boxjump2" />
27-->unityLibrary\GooglePlayGamesManifest.plugin\AndroidManifest.xml:21:19-55
28
29        <!-- The space in these forces it to be interpreted as a string vs. int -->
30        <meta-data
30-->unityLibrary\GooglePlayGamesManifest.plugin\AndroidManifest.xml:25:9-26:49
31            android:name="com.google.android.gms.games.APP_ID"
31-->unityLibrary\GooglePlayGamesManifest.plugin\AndroidManifest.xml:25:20-70
32            android:value="\u003324041806730" />
32-->unityLibrary\GooglePlayGamesManifest.plugin\AndroidManifest.xml:26:13-46
33
34        <!-- Keep track of which plugin is being used -->
35        <meta-data
35-->unityLibrary\GooglePlayGamesManifest.plugin\AndroidManifest.xml:29:9-30:44
36            android:name="com.google.android.gms.games.unityVersion"
36-->unityLibrary\GooglePlayGamesManifest.plugin\AndroidManifest.xml:29:20-76
37            android:value="\u0030.10.12" />
37-->unityLibrary\GooglePlayGamesManifest.plugin\AndroidManifest.xml:30:13-41
38
39        <activity
39-->unityLibrary\GooglePlayGamesManifest.plugin\AndroidManifest.xml:32:9-33:86
40            android:name="com.google.games.bridge.NativeBridgeActivity"
40-->unityLibrary\GooglePlayGamesManifest.plugin\AndroidManifest.xml:32:19-78
41            android:theme="@android:style/Theme.Translucent.NoTitleBar.Fullscreen" />
41-->unityLibrary\GooglePlayGamesManifest.plugin\AndroidManifest.xml:33:13-83
42    </application>
43
44</manifest>